338404
29142
269048
223578
23385
2038443
119185
23681
66627
64580
33703
525290
28385
139694
49082
115022
158911
18750
254990
6093
327055
58751
386388
70644
13925
4559
124449
38861
1524796
196234
1798
1248908
1764525
614891
34299
9760
96058
303179
12416
303977
64554
16645
86848
295447
218291
347436
699061
3006
279732
257968
982263
314478
235632
3546
15512
1032341
4800
5611
32127
30353
966739
527958
151630
3033808
1158463
129112
34995
75562
631595
3682531
267050
11111
419278
519593
3268643
425332
46962
83281
35797
229719
78873
246986
95193
92541
56400
47605
255844
249607
1456810
405949
139239
52445
2524
708126
52919
123231
1344666
39534
85411
28702
solution_2 花费时常：9.3e-05
